<?xml version="1.0" encoding="UTF-8"?>
<testsuite xmlns:xsi="http://www.w3.org/2001/XMLSchema-instance" xsi:schemaLocation="https://maven.apache.org/surefire/maven-surefire-plugin/xsd/surefire-test-report.xsd" name="TestSuite" time="274.659" tests="41" errors="0" skipped="0" failures="3">
  <properties>
    <property name="idea.version" value="2022.3.2"/>
    <property name="java.runtime.name" value="Java(TM) SE Runtime Environment"/>
    <property name="sun.boot.library.path" value="C:\Program Files\Java\jdk1.8.0_361\jre\bin"/>
    <property name="java.vm.version" value="25.361-b09"/>
    <property name="java.vm.vendor" value="Oracle Corporation"/>
    <property name="maven.multiModuleProjectDirectory" value="C:\Users\Cihan Ausar Degertas\IdeaProjects\ui_automation_6"/>
    <property name="java.vendor.url" value="http://java.oracle.com/"/>
    <property name="path.separator" value=";"/>
    <property name="guice.disable.misplaced.annotation.check" value="true"/>
    <property name="java.vm.name" value="Java HotSpot(TM) 64-Bit Server VM"/>
    <property name="file.encoding.pkg" value="sun.io"/>
    <property name="user.script" value=""/>
    <property name="user.country" value="CA"/>
    <property name="sun.java.launcher" value="SUN_STANDARD"/>
    <property name="sun.os.patch.level" value=""/>
    <property name="java.vm.specification.name" value="Java Virtual Machine Specification"/>
    <property name="user.dir" value="C:\Users\Cihan Ausar Degertas\IdeaProjects\ui_automation_6"/>
    <property name="java.runtime.version" value="1.8.0_361-b09"/>
    <property name="java.awt.graphicsenv" value="sun.awt.Win32GraphicsEnvironment"/>
    <property name="java.endorsed.dirs" value="C:\Program Files\Java\jdk1.8.0_361\jre\lib\endorsed"/>
    <property name="os.arch" value="amd64"/>
    <property name="java.io.tmpdir" value="C:\Users\CIHANA~1\AppData\Local\Temp\"/>
    <property name="line.separator" value="&#10;"/>
    <property name="java.vm.specification.vendor" value="Oracle Corporation"/>
    <property name="user.variant" value=""/>
    <property name="os.name" value="Windows 11"/>
    <property name="maven.ext.class.path" value="C:\Program Files\JetBrains\IntelliJ IDEA Community Edition 2022.3.2\plugins\maven\lib\maven-event-listener.jar"/>
    <property name="classworlds.conf" value="C:\Program Files\JetBrains\IntelliJ IDEA Community Edition 2022.3.2\plugins\maven\lib\maven3\bin\m2.conf"/>
    <property name="sun.jnu.encoding" value="Cp1252"/>
    <property name="java.library.path" value="C:\Program Files\Java\jdk1.8.0_361\bin;C:\WINDOWS\Sun\Java\bin;C:\WINDOWS\system32;C:\WINDOWS;C:\Program Files (x86)\Common Files\Oracle\Java\javapath;C:\WINDOWS\system32;C:\WINDOWS;C:\WINDOWS\System32\Wbem;C:\WINDOWS\System32\WindowsPowerShell\v1.0\;C:\WINDOWS\System32\OpenSSH\;C:\Program Files (x86)\Common Files\Acronis\SnapAPI\;C:\Program Files (x86)\Common Files\Acronis\VirtualFile\;C:\Program Files (x86)\Common Files\Acronis\VirtualFile64\;C:\Program Files (x86)\Common Files\Acronis\FileProtector\;C:\Program Files (x86)\Common Files\Acronis\FileProtector64\;C:\Program Files\Java\jdk1.8.0_361\bin;C:\Program Files\Git\cmd;C:\Users\Cihan Ausar Degertas\AppData\Local\Microsoft\WindowsApps;;."/>
    <property name="jansi.passthrough" value="true"/>
    <property name="maven.conf" value="C:\Program Files\JetBrains\IntelliJ IDEA Community Edition 2022.3.2\plugins\maven\lib\maven3/conf"/>
    <property name="java.specification.name" value="Java Platform API Specification"/>
    <property name="java.class.version" value="52.0"/>
    <property name="sun.management.compiler" value="HotSpot 64-Bit Tiered Compilers"/>
    <property name="os.version" value="10.0"/>
    <property name="user.home" value="C:\Users\Cihan Ausar Degertas"/>
    <property name="user.timezone" value="America/Denver"/>
    <property name="java.awt.printerjob" value="sun.awt.windows.WPrinterJob"/>
    <property name="java.specification.version" value="1.8"/>
    <property name="file.encoding" value="UTF-8"/>
    <property name="user.name" value="Cihan Ausar Degertas"/>
    <property name="java.class.path" value="C:\Program Files\JetBrains\IntelliJ IDEA Community Edition 2022.3.2\plugins\maven\lib\maven3\boot\plexus-classworlds-2.6.0.jar;C:\Program Files\JetBrains\IntelliJ IDEA Community Edition 2022.3.2\plugins\maven\lib\maven3\boot\plexus-classworlds.license;C:\Program Files\JetBrains\IntelliJ IDEA Community Edition 2022.3.2\lib\idea_rt.jar"/>
    <property name="java.vm.specification.version" value="1.8"/>
    <property name="sun.arch.data.model" value="64"/>
    <property name="java.home" value="C:\Program Files\Java\jdk1.8.0_361\jre"/>
    <property name="sun.java.command" value="org.codehaus.classworlds.Launcher -Didea.version=2022.3.2 test -PRegression"/>
    <property name="java.specification.vendor" value="Oracle Corporation"/>
    <property name="user.language" value="en"/>
    <property name="awt.toolkit" value="sun.awt.windows.WToolkit"/>
    <property name="java.vm.info" value="mixed mode"/>
    <property name="java.version" value="1.8.0_361"/>
    <property name="java.ext.dirs" value="C:\Program Files\Java\jdk1.8.0_361\jre\lib\ext;C:\WINDOWS\Sun\Java\lib\ext"/>
    <property name="sun.boot.class.path" value="C:\Program Files\Java\jdk1.8.0_361\jre\lib\resources.jar;C:\Program Files\Java\jdk1.8.0_361\jre\lib\rt.jar;C:\Program Files\Java\jdk1.8.0_361\jre\lib\jsse.jar;C:\Program Files\Java\jdk1.8.0_361\jre\lib\jce.jar;C:\Program Files\Java\jdk1.8.0_361\jre\lib\charsets.jar;C:\Program Files\Java\jdk1.8.0_361\jre\lib\jfr.jar;C:\Program Files\Java\jdk1.8.0_361\jre\classes"/>
    <property name="java.vendor" value="Oracle Corporation"/>
    <property name="java.specification.maintenance.version" value="4"/>
    <property name="maven.home" value="C:\Program Files\JetBrains\IntelliJ IDEA Community Edition 2022.3.2\plugins\maven\lib\maven3"/>
    <property name="file.separator" value="\"/>
    <property name="java.vendor.url.bug" value="http://bugreport.sun.com/bugreport/"/>
    <property name="sun.cpu.endian" value="little"/>
    <property name="sun.io.unicode.encoding" value="UnicodeLittle"/>
    <property name="sun.desktop" value="windows"/>
    <property name="sun.cpu.isalist" value="amd64"/>
  </properties>
  <testcase name="validateEachCell" classname="scripts._17_TGStaticTableTest" time="0.311"/>
  <testcase name="validateFirstRow" classname="scripts._17_TGStaticTableTest" time="0.054"/>
  <testcase name="validateLastColumn" classname="scripts._17_TGStaticTableTest" time="0.122"/>
  <testcase name="validateNavigation" classname="scripts._01_GoogleTest" time="10.693"/>
  <testcase name="validateSearchButton" classname="scripts._01_GoogleTest" time="0.105"/>
  <testcase name="validateTableHeader" classname="scripts._17_TGStaticTableTest" time="0.06"/>
  <testcase name="validateSortAscByQuantity" classname="scripts._18_TGSortableTableTest" time="2.091"/>
  <testcase name="validateTitleAndURL" classname="scripts._01_GoogleTest" time="0.015"/>
  <testcase name="validateTheFormSubmission" classname="scripts._01_ProjectTest" time="31.307"/>
  <testcase name="validateTitleAndURL" classname="scripts._02_AppleTest" time="0.027"/>
  <testcase name="validateKiwiParagraph" classname="scripts._03_TGLocatorsTest" time="0.119"/>
  <testcase name="validateOrangeParagraph" classname="scripts._03_TGLocatorsTest" time="0.205"/>
  <testcase name="validateGrapesParagraph" classname="scripts._03_TGLocatorsTest" time="0.118"/>
  <testcase name="validateRedAppleLink" classname="scripts._03_TGLocatorsTest" time="0.124"/>
  <testcase name="validateAllLinks" classname="scripts._03_TGLocatorsTest" time="0.245"/>
  <testcase name="validateAutomationTools" classname="scripts._04_TGLocatorsTest" time="0.124"/>
  <testcase name="validateLanguages" classname="scripts._04_TGLocatorsTest" time="0.135"/>
  <testcase name="validateListHeaders" classname="scripts._04_TGLocatorsTest" time="0.101"/>
  <testcase name="validateTheHeader" classname="scripts._04_TGLocatorsTest" time="0.07"/>
  <testcase name="validateFacebookInvalidLoginAttempt" classname="scripts._05_FacebookTest" time="0.974">
    <failure message="expected [The email you entered isn&apos;t connected to an account. Find your account and log in.] but found [The email you entered isn’t connected to an account. Find your account and log in.]" type="java.lang.AssertionError">java.lang.AssertionError: expected [The email you entered isn't connected to an account. Find your account and log in.] but found [The email you entered isn’t connected to an account. Find your account and log in.]
	at scripts._05_FacebookTest.validateFacebookInvalidLoginAttempt(_05_FacebookTest.java:93)
</failure>
    <system-err><![CDATA[Starting ChromeDriver 114.0.5735.90 (386bc09e8f4f2e025eddae123f36f6263096ae49-refs/branch-heads/5735@{#1052}) on port 7097
Only local connections are allowed.
Please see https://chromedriver.chromium.org/security-considerations for suggestions on keeping ChromeDriver safe.
ChromeDriver was started successfully.
Jun 05, 2023 6:52:08 PM org.openqa.selenium.remote.ProtocolHandshake createSession
INFO: Detected dialect: W3C
]]></system-err>
  </testcase>
  <testcase name="validateWikiSearch2" classname="scripts._06_WikiTest" time="1.061"/>
  <testcase name="validateDynamicElementBox1" classname="scripts._07_TGDynamicElementsTest" time="0.071"/>
  <testcase name="validateDynamicElementBox2" classname="scripts._07_TGDynamicElementsTest" time="0.066"/>
  <testcase name="waitForBlueBox" classname="scripts._08_TGWaitsTest" time="30.151">
    <failure message="no such element: Unable to locate element: {&quot;method&quot;:&quot;css selector&quot;,&quot;selector&quot;:&quot;button[class*=&apos;blue_box&apos;]&quot;}&#10;  (Session info: chrome=114.0.5735.90)&#10;For documentation on this error, please visit: https://www.seleniumhq.org/exceptions/no_such_element.html&#10;Build info: version: &apos;3.141.59&apos;, revision: &apos;e82be7d358&apos;, time: &apos;2018-11-14T08:17:03&apos;&#10;System info: host: &apos;LAPTOP-CF98PN2R&apos;, ip: &apos;192.168.1.70&apos;, os.name: &apos;Windows 11&apos;, os.arch: &apos;amd64&apos;, os.version: &apos;10.0&apos;, java.version: &apos;1.8.0_361&apos;&#10;Driver info: org.openqa.selenium.chrome.ChromeDriver&#10;Capabilities {acceptInsecureCerts: false, browserName: chrome, browserVersion: 114.0.5735.90, chrome: {chromedriverVersion: 114.0.5735.90 (386bc09e8f4f..., userDataDir: C:\Users\CIHANA~1\AppData\L...}, goog:chromeOptions: {debuggerAddress: localhost:65525}, javascriptEnabled: true, networkConnectionEnabled: false, pageLoadStrategy: normal, platform: WINDOWS, platformName: WINDOWS, proxy: Proxy(), setWindowRect: true, strictFileInteractability: false, timeouts: {implicit: 0, pageLoad: 300000, script: 30000}, unhandledPromptBehavior: dismiss and notify, webauthn:extension:credBlob: true, webauthn:extension:largeBlob: true, webauthn:extension:minPinLength: true, webauthn:extension:prf: true, webauthn:virtualAuthenticators: true}&#10;Session ID: 8aa85994d413dd93d8a3b5087db24350&#10;*** Element info: {Using=css selector, value=button[class*=&apos;blue_box&apos;]}" type="org.openqa.selenium.NoSuchElementException">org.openqa.selenium.NoSuchElementException: 
no such element: Unable to locate element: {"method":"css selector","selector":"button[class*='blue_box']"}
  (Session info: chrome=114.0.5735.90)
For documentation on this error, please visit: https://www.seleniumhq.org/exceptions/no_such_element.html
Build info: version: '3.141.59', revision: 'e82be7d358', time: '2018-11-14T08:17:03'
System info: host: 'LAPTOP-CF98PN2R', ip: '192.168.1.70', os.name: 'Windows 11', os.arch: 'amd64', os.version: '10.0', java.version: '1.8.0_361'
Driver info: org.openqa.selenium.chrome.ChromeDriver
Capabilities {acceptInsecureCerts: false, browserName: chrome, browserVersion: 114.0.5735.90, chrome: {chromedriverVersion: 114.0.5735.90 (386bc09e8f4f..., userDataDir: C:\Users\CIHANA~1\AppData\L...}, goog:chromeOptions: {debuggerAddress: localhost:65525}, javascriptEnabled: true, networkConnectionEnabled: false, pageLoadStrategy: normal, platform: WINDOWS, platformName: WINDOWS, proxy: Proxy(), setWindowRect: true, strictFileInteractability: false, timeouts: {implicit: 0, pageLoad: 300000, script: 30000}, unhandledPromptBehavior: dismiss and notify, webauthn:extension:credBlob: true, webauthn:extension:largeBlob: true, webauthn:extension:minPinLength: true, webauthn:extension:prf: true, webauthn:virtualAuthenticators: true}
Session ID: 8aa85994d413dd93d8a3b5087db24350
*** Element info: {Using=css selector, value=button[class*='blue_box']}
	at scripts._08_TGWaitsTest.waitForBlueBox(_08_TGWaitsTest.java:43)
</failure>
    <system-err><![CDATA[Starting ChromeDriver 114.0.5735.90 (386bc09e8f4f2e025eddae123f36f6263096ae49-refs/branch-heads/5735@{#1052}) on port 18227
Only local connections are allowed.
Please see https://chromedriver.chromium.org/security-considerations for suggestions on keeping ChromeDriver safe.
ChromeDriver was started successfully.
Jun 05, 2023 6:52:22 PM org.openqa.selenium.remote.ProtocolHandshake createSession
INFO: Detected dialect: W3C
]]></system-err>
  </testcase>
  <testcase name="checkboxTest" classname="scripts._09_TGCheckboxTest" time="0.297"/>
  <testcase name="checkboxTest2" classname="scripts._09_TGCheckboxTest" time="0.284"/>
  <testcase name="radioButtonsTest" classname="scripts._10_TGRadioButtonsTest" time="0.274"/>
  <testcase name="validatePracticeMore" classname="scripts._10_TGRadioButtonsTest" time="0.26"/>
  <testcase name="dropdownTestCase" classname="scripts._11_TGDropdownsTest" time="0.407"/>
  <testcase name="productColorTest" classname="scripts._11_TGDropdownsTest" time="0.166"/>
  <testcase name="productDeliveryTest" classname="scripts._11_TGDropdownsTest" time="30.108"/>
  <testcase name="productDropdownTest" classname="scripts._11_TGDropdownsTest" time="0.095"/>
  <testcase name="confirmationAlert" classname="scripts._12_TGAlertsTest" time="0.182"/>
  <testcase name="warningAlert" classname="scripts._12_TGAlertsTest" time="0.127"/>
  <testcase name="validateTheParagraph" classname="scripts._13_IFrameTest" time="0.156"/>
  <testcase name="validateTheFormSubmission" classname="scripts._13_IFrameTest" time="0.441"/>
  <testcase name="validateTheAppleNavigation" classname="scripts._14_MultipleWindowsTest" time="0.892"/>
  <testcase name="validateTheMicrosoftNavigation" classname="scripts._14_MultipleWindowsTest" time="1.939"/>
  <testcase name="validateTheTeslaNavigation" classname="scripts._14_MultipleWindowsTest" time="2.078"/>
  <testcase name="validateTheLinkURLs" classname="scripts._14_MultipleWindowsTest" time="12.994"/>
  <testcase name="basicFileUpload" classname="scripts._15_TGFileUpload" time="0.064">
    <failure message="invalid argument: File not found : /Users/buraksimsek/IdeaProjects/ui_automation_6/hello.txt&#10;  (Session info: chrome=114.0.5735.90)&#10;Build info: version: &apos;3.141.59&apos;, revision: &apos;e82be7d358&apos;, time: &apos;2018-11-14T08:17:03&apos;&#10;System info: host: &apos;LAPTOP-CF98PN2R&apos;, ip: &apos;192.168.1.70&apos;, os.name: &apos;Windows 11&apos;, os.arch: &apos;amd64&apos;, os.version: &apos;10.0&apos;, java.version: &apos;1.8.0_361&apos;&#10;Driver info: org.openqa.selenium.chrome.ChromeDriver&#10;Capabilities {acceptInsecureCerts: false, browserName: chrome, browserVersion: 114.0.5735.90, chrome: {chromedriverVersion: 114.0.5735.90 (386bc09e8f4f..., userDataDir: C:\Users\CIHANA~1\AppData\L...}, goog:chromeOptions: {debuggerAddress: localhost:50302}, javascriptEnabled: true, networkConnectionEnabled: false, pageLoadStrategy: normal, platform: WINDOWS, platformName: WINDOWS, proxy: Proxy(), setWindowRect: true, strictFileInteractability: false, timeouts: {implicit: 0, pageLoad: 300000, script: 30000}, unhandledPromptBehavior: dismiss and notify, webauthn:extension:credBlob: true, webauthn:extension:largeBlob: true, webauthn:extension:minPinLength: true, webauthn:extension:prf: true, webauthn:virtualAuthenticators: true}&#10;Session ID: bfeb6f7ed2fd4e5b953a2299474d354c" type="org.openqa.selenium.InvalidArgumentException">org.openqa.selenium.InvalidArgumentException: 
invalid argument: File not found : /Users/buraksimsek/IdeaProjects/ui_automation_6/hello.txt
  (Session info: chrome=114.0.5735.90)
Build info: version: '3.141.59', revision: 'e82be7d358', time: '2018-11-14T08:17:03'
System info: host: 'LAPTOP-CF98PN2R', ip: '192.168.1.70', os.name: 'Windows 11', os.arch: 'amd64', os.version: '10.0', java.version: '1.8.0_361'
Driver info: org.openqa.selenium.chrome.ChromeDriver
Capabilities {acceptInsecureCerts: false, browserName: chrome, browserVersion: 114.0.5735.90, chrome: {chromedriverVersion: 114.0.5735.90 (386bc09e8f4f..., userDataDir: C:\Users\CIHANA~1\AppData\L...}, goog:chromeOptions: {debuggerAddress: localhost:50302}, javascriptEnabled: true, networkConnectionEnabled: false, pageLoadStrategy: normal, platform: WINDOWS, platformName: WINDOWS, proxy: Proxy(), setWindowRect: true, strictFileInteractability: false, timeouts: {implicit: 0, pageLoad: 300000, script: 30000}, unhandledPromptBehavior: dismiss and notify, webauthn:extension:credBlob: true, webauthn:extension:largeBlob: true, webauthn:extension:minPinLength: true, webauthn:extension:prf: true, webauthn:virtualAuthenticators: true}
Session ID: bfeb6f7ed2fd4e5b953a2299474d354c
	at scripts._15_TGFileUpload.basicFileUpload(_15_TGFileUpload.java:37)
</failure>
    <system-err><![CDATA[Starting ChromeDriver 114.0.5735.90 (386bc09e8f4f2e025eddae123f36f6263096ae49-refs/branch-heads/5735@{#1052}) on port 8493
Only local connections are allowed.
Please see https://chromedriver.chromium.org/security-considerations for suggestions on keeping ChromeDriver safe.
ChromeDriver was started successfully.
Jun 05, 2023 6:54:36 PM org.openqa.selenium.remote.ProtocolHandshake createSession
INFO: Detected dialect: W3C
]]></system-err>
  </testcase>
</testsuite>