<?xml version="1.0" encoding="UTF-8"?>
<!-- Generated by org.testng.reporters.JUnitReportReporter -->
<testsuite skipped="0" hostname="LAPTOP-CF98PN2R" name="scripts._06_WikiTest" tests="1" failures="0" timestamp="2023-06-05T18:54:39 MDT" time="3.930" errors="0">
  <testcase name="validateWikiSearch2" time="3.930" classname="scripts._06_WikiTest"/>
  <system-out/>
</testsuite> <!-- scripts._06_WikiTest -->
