<?xml version="1.0" encoding="UTF-8"?>
<!-- Generated by org.testng.reporters.JUnitReportReporter -->
<testsuite skipped="0" hostname="LAPTOP-CF98PN2R" name="scripts._12_TGAlertsTest" tests="2" failures="0" timestamp="2023-06-04T13:10:43 MDT" time="8.429" errors="0">
  <testcase name="confirmationAlert" time="4.300" classname="scripts._12_TGAlertsTest"/>
  <system-out/>
  <testcase name="warningAlert" time="4.129" classname="scripts._12_TGAlertsTest"/>
  <system-out/>
</testsuite> <!-- scripts._12_TGAlertsTest -->
