<?xml version="1.0" encoding="UTF-8"?>
<!-- Generated by org.testng.reporters.JUnitReportReporter -->
<testsuite skipped="0" hostname="LAPTOP-CF98PN2R" name="scripts._10_TGRadioButtonsTest" tests="2" failures="0" timestamp="2023-06-04T13:10:43 MDT" time="7.046" errors="0">
  <testcase name="validatePracticeMore" time="3.574" classname="scripts._10_TGRadioButtonsTest"/>
  <system-out/>
  <testcase name="radioButtonsTest" time="3.472" classname="scripts._10_TGRadioButtonsTest"/>
  <system-out/>
</testsuite> <!-- scripts._10_TGRadioButtonsTest -->
