<?xml version="1.0" encoding="UTF-8"?>
<!-- Generated by org.testng.reporters.JUnitReportReporter -->
<testsuite skipped="0" hostname="LAPTOP-CF98PN2R" name="scripts._10_TGRadioButtonsTest" tests="2" failures="0" timestamp="2023-06-10T12:21:52 MDT" time="7.299" errors="0">
  <testcase name="validatePracticeMore" time="3.809" classname="scripts._10_TGRadioButtonsTest"/>
  <system-out/>
  <testcase name="radioButtonsTest" time="3.490" classname="scripts._10_TGRadioButtonsTest"/>
  <system-out/>
</testsuite> <!-- scripts._10_TGRadioButtonsTest -->
