<?xml version="1.0" encoding="UTF-8"?>
<!-- Generated by org.testng.reporters.JUnitReportReporter -->
<testsuite skipped="0" hostname="LAPTOP-CF98PN2R" name="scripts._12_TGAlertsTest" tests="2" failures="0" timestamp="2023-06-10T12:21:52 MDT" time="7.038" errors="0">
  <testcase name="warningAlert" time="3.493" classname="scripts._12_TGAlertsTest"/>
  <system-out/>
  <testcase name="confirmationAlert" time="3.545" classname="scripts._12_TGAlertsTest"/>
  <system-out/>
</testsuite> <!-- scripts._12_TGAlertsTest -->
