<?xml version="1.0" encoding="UTF-8"?>
<!-- Generated by org.testng.reporters.JUnitReportReporter -->
<testsuite skipped="0" hostname="LAPTOP-CF98PN2R" name="scripts._14_MultipleWindowsTest" tests="4" failures="0" timestamp="2023-06-04T13:10:43 MDT" time="38.593" errors="0">
  <testcase name="validateTheAppleNavigation" time="8.145" classname="scripts._14_MultipleWindowsTest"/>
  <system-out/>
  <testcase name="validateTheMicrosoftNavigation" time="6.100" classname="scripts._14_MultipleWindowsTest"/>
  <system-out/>
  <testcase name="validateTheTeslaNavigation" time="6.863" classname="scripts._14_MultipleWindowsTest"/>
  <system-out/>
  <testcase name="validateTheLinkURLs" time="17.485" classname="scripts._14_MultipleWindowsTest"/>
  <system-out/>
</testsuite> <!-- scripts._14_MultipleWindowsTest -->
