<?xml version="1.0" encoding="UTF-8"?>
<!-- Generated by org.testng.reporters.JUnitReportReporter -->
<testsuite skipped="0" hostname="LAPTOP-CF98PN2R" name="scripts._02_ProjectTest" tests="10" failures="0" timestamp="2023-06-12T17:06:39 MDT" time="82.938" errors="0">
  <testcase name="validateTheLoginForm" time="4.898" classname="scripts._02_ProjectTest"/>
  <system-out/>
  <testcase name="validateTheValidLogin" time="4.987" classname="scripts._02_ProjectTest"/>
  <system-out/>
  <testcase name="validateTheLogOut" time="6.989" classname="scripts._02_ProjectTest"/>
  <system-out/>
  <testcase name="validateTheForgotPasswordLinkAndResetPasswordModal" time="4.442" classname="scripts._02_ProjectTest"/>
  <system-out/>
  <testcase name="validateTheResetPasswordModalCloseButton" time="33.955" classname="scripts._02_ProjectTest"/>
  <system-out/>
  <testcase name="validateTheResetPasswordFormSubmission" time="5.048" classname="scripts._02_ProjectTest"/>
  <system-out/>
  <testcase name="validateTheInvalidLoginWithEmptyCredentials" time="3.911" classname="scripts._02_ProjectTest"/>
  <system-out/>
  <testcase name="validateTheInvalidLoginWithTheWrongUsername" time="9.352" classname="scripts._02_ProjectTest"/>
  <system-out/>
  <testcase name="validateTheInvalidLoginWithTheWrongPassword" time="4.163" classname="scripts._02_ProjectTest"/>
  <system-out/>
  <testcase name="validateTheInvalidLoginWithTheWrongUsernameAndPassword" time="5.193" classname="scripts._02_ProjectTest"/>
  <system-out/>
</testsuite> <!-- scripts._02_ProjectTest -->
