<?xml version="1.0" encoding="UTF-8"?>
<!-- Generated by org.testng.reporters.JUnitReportReporter -->
<testsuite skipped="0" hostname="LAPTOP-CF98PN2R" name="scripts._04_TGLocatorsTest" tests="4" failures="0" timestamp="2023-06-10T12:21:52 MDT" time="14.961" errors="0">
  <testcase name="validateListHeaders" time="3.823" classname="scripts._04_TGLocatorsTest"/>
  <system-out/>
  <testcase name="validateTheHeader" time="3.246" classname="scripts._04_TGLocatorsTest"/>
  <system-out/>
  <testcase name="validateAutomationTools" time="4.547" classname="scripts._04_TGLocatorsTest"/>
  <system-out/>
  <testcase name="validateLanguages" time="3.345" classname="scripts._04_TGLocatorsTest"/>
  <system-out/>
</testsuite> <!-- scripts._04_TGLocatorsTest -->
