<?xml version="1.0" encoding="UTF-8"?>
<!-- Generated by org.testng.reporters.JUnitReportReporter -->
<testsuite skipped="0" hostname="LAPTOP-CF98PN2R" name="scripts._19_TGActionsTest" tests="4" failures="0" timestamp="2023-06-10T12:21:52 MDT" time="24.594" errors="0">
  <testcase name="validate" time="4.082" classname="scripts._19_TGActionsTest"/>
  <system-out/>
  <testcase name="DragAndDrop" time="6.659" classname="scripts._19_TGActionsTest"/>
  <system-out/>
  <testcase name="mouseActions" time="5.740" classname="scripts._19_TGActionsTest"/>
  <system-out/>
  <testcase name="keyboardActions" time="8.113" classname="scripts._19_TGActionsTest"/>
  <system-out/>
</testsuite> <!-- scripts._19_TGActionsTest -->
