<?xml version="1.0" encoding="UTF-8"?>
<!-- Generated by org.testng.reporters.JUnitReportReporter -->
<testsuite skipped="0" hostname="LAPTOP-CF98PN2R" name="scripts._09_TGCheckboxTest" tests="2" failures="0" timestamp="2023-06-12T17:06:39 MDT" time="7.525" errors="0">
  <testcase name="checkboxTest" time="3.669" classname="scripts._09_TGCheckboxTest"/>
  <system-out/>
  <testcase name="checkboxTest2" time="3.856" classname="scripts._09_TGCheckboxTest"/>
  <system-out/>
</testsuite> <!-- scripts._09_TGCheckboxTest -->
