<?xml version="1.0" encoding="UTF-8"?>
<!-- Generated by org.testng.reporters.JUnitReportReporter -->
<testsuite skipped="0" hostname="LAPTOP-CF98PN2R" name="scripts._06_WikiTest" tests="1" failures="0" timestamp="2023-06-10T12:21:52 MDT" time="4.141" errors="0">
  <testcase name="validateWikiSearch2" time="4.141" classname="scripts._06_WikiTest"/>
  <system-out/>
</testsuite> <!-- scripts._06_WikiTest -->
