<?xml version="1.0" encoding="UTF-8"?>
<!-- Generated by org.testng.reporters.JUnitReportReporter -->
<testsuite skipped="0" hostname="LAPTOP-CF98PN2R" name="scripts._05_FacebookTest" tests="1" failures="0" timestamp="2023-06-12T17:06:39 MDT" time="5.519" errors="0">
  <testcase name="validateFacebookInvalidLoginAttempt" time="5.519" classname="scripts._05_FacebookTest"/>
  <system-out/>
</testsuite> <!-- scripts._05_FacebookTest -->
