<?xml version="1.0" encoding="UTF-8"?>
<!-- Generated by org.testng.reporters.JUnitReportReporter -->
<testsuite skipped="0" hostname="LAPTOP-CF98PN2R" name="scripts._12_TGAlertsTest" tests="2" failures="0" timestamp="2023-06-12T17:06:39 MDT" time="7.524" errors="0">
  <testcase name="confirmationAlert" time="3.583" classname="scripts._12_TGAlertsTest"/>
  <system-out/>
  <testcase name="warningAlert" time="3.941" classname="scripts._12_TGAlertsTest"/>
  <system-out/>
</testsuite> <!-- scripts._12_TGAlertsTest -->
