<?xml version="1.0" encoding="UTF-8"?>
<!-- Generated by org.testng.reporters.JUnitReportReporter -->
<testsuite skipped="0" hostname="LAPTOP-CF98PN2R" name="scripts._04_TGLocatorsTest" tests="4" failures="0" timestamp="2023-06-04T13:10:43 MDT" time="20.907" errors="0">
  <testcase name="validateListHeaders" time="4.637" classname="scripts._04_TGLocatorsTest"/>
  <system-out/>
  <testcase name="validateTheHeader" time="5.204" classname="scripts._04_TGLocatorsTest"/>
  <system-out/>
  <testcase name="validateLanguages" time="4.491" classname="scripts._04_TGLocatorsTest"/>
  <system-out/>
  <testcase name="validateAutomationTools" time="6.575" classname="scripts._04_TGLocatorsTest"/>
  <system-out/>
</testsuite> <!-- scripts._04_TGLocatorsTest -->
