<?xml version="1.0" encoding="UTF-8"?>
<!-- Generated by org.testng.reporters.JUnitReportReporter -->
<testsuite skipped="0" hostname="LAPTOP-CF98PN2R" name="scripts._13_IFrameTest" tests="2" failures="0" timestamp="2023-06-10T12:21:52 MDT" time="7.327" errors="0">
  <testcase name="validateTheParagraph" time="3.545" classname="scripts._13_IFrameTest"/>
  <system-out/>
  <testcase name="validateTheFormSubmission" time="3.782" classname="scripts._13_IFrameTest"/>
  <system-out/>
</testsuite> <!-- scripts._13_IFrameTest -->
