<?xml version="1.0" encoding="UTF-8"?>
<!-- Generated by org.testng.reporters.JUnitReportReporter -->
<testsuite skipped="0" hostname="LAPTOP-CF98PN2R" name="scripts._06_WikiTest" tests="2" failures="0" timestamp="2023-06-04T13:10:43 MDT" time="10.786" errors="0">
  <testcase name="validateWikiSearch1" time="6.105" classname="scripts._06_WikiTest"/>
  <system-out/>
  <testcase name="validateWikiSearch2" time="4.681" classname="scripts._06_WikiTest"/>
  <system-out/>
</testsuite> <!-- scripts._06_WikiTest -->
