<?xml version="1.0" encoding="UTF-8"?>
<!-- Generated by org.testng.reporters.JUnitReportReporter -->
<testsuite skipped="0" hostname="LAPTOP-CF98PN2R" name="scripts._17_TGStaticTableTest" tests="4" failures="0" timestamp="2023-06-04T13:10:43 MDT" time="14.401" errors="0">
  <testcase name="validateLastColumn" time="3.327" classname="scripts._17_TGStaticTableTest"/>
  <system-out/>
  <testcase name="validateFirstRow" time="3.099" classname="scripts._17_TGStaticTableTest"/>
  <system-out/>
  <testcase name="validateTableHeader" time="4.303" classname="scripts._17_TGStaticTableTest"/>
  <system-out/>
  <testcase name="validateEachCell" time="3.672" classname="scripts._17_TGStaticTableTest"/>
  <system-out/>
</testsuite> <!-- scripts._17_TGStaticTableTest -->
