<?xml version="1.0" encoding="UTF-8"?>
<!-- Generated by org.testng.reporters.JUnitReportReporter -->
<testsuite skipped="0" hostname="LAPTOP-CF98PN2R" name="scripts._01_ProjectTest" tests="10" failures="0" timestamp="2023-06-04T13:10:43 MDT" time="80.826" errors="0">
  <testcase name="validatesubmission" time="3.439" classname="scripts._01_ProjectTest"/>
  <system-out/>
  <testcase name="validateConsentCheckBox" time="3.782" classname="scripts._01_ProjectTest"/>
  <system-out/>
  <testcase name="validateMessage" time="4.281" classname="scripts._01_ProjectTest"/>
  <system-out/>
  <testcase name="validateGenderRadioButton" time="11.838" classname="scripts._01_ProjectTest"/>
  <system-out/>
  <testcase name="validateAddress" time="4.010" classname="scripts._01_ProjectTest"/>
  <system-out/>
  <testcase name="validatePhone" time="6.434" classname="scripts._01_ProjectTest"/>
  <system-out/>
  <testcase name="validateFullNameInputBox" time="3.482" classname="scripts._01_ProjectTest"/>
  <system-out/>
  <testcase name="validateContactUsInfo" time="4.477" classname="scripts._01_ProjectTest"/>
  <system-out/>
  <testcase name="validateEmail" time="3.716" classname="scripts._01_ProjectTest"/>
  <system-out/>
  <testcase name="validateTheFormSubmission" time="35.367" classname="scripts._01_ProjectTest"/>
  <system-out/>
</testsuite> <!-- scripts._01_ProjectTest -->
