<?xml version="1.0" encoding="UTF-8"?>
<!-- Generated by org.testng.reporters.JUnitReportReporter -->
<testsuite skipped="0" hostname="LAPTOP-CF98PN2R" name="scripts._02_AppleTest" tests="1" failures="0" timestamp="2023-06-04T13:10:43 MDT" time="7.852" errors="0">
  <testcase name="validateTitleAndURL" time="7.852" classname="scripts._02_AppleTest"/>
  <system-out/>
</testsuite> <!-- scripts._02_AppleTest -->
