<?xml version="1.0" encoding="UTF-8"?>
<!-- Generated by org.testng.reporters.JUnitReportReporter -->
<testsuite skipped="0" hostname="LAPTOP-CF98PN2R" name="scripts._01_ProjectTest" tests="1" failures="0" timestamp="2023-06-05T18:54:39 MDT" time="34.585" errors="0">
  <testcase name="validateTheFormSubmission" time="34.585" classname="scripts._01_ProjectTest"/>
  <system-out/>
</testsuite> <!-- scripts._01_ProjectTest -->
