<?xml version="1.0" encoding="UTF-8"?>
<!-- Generated by org.testng.reporters.JUnitReportReporter -->
<testsuite skipped="0" hostname="LAPTOP-CF98PN2R" name="scripts._04_TGLocatorsTest" tests="4" failures="0" timestamp="2023-06-05T18:54:39 MDT" time="12.910" errors="0">
  <testcase name="validateListHeaders" time="3.261" classname="scripts._04_TGLocatorsTest"/>
  <system-out/>
  <testcase name="validateTheHeader" time="3.059" classname="scripts._04_TGLocatorsTest"/>
  <system-out/>
  <testcase name="validateAutomationTools" time="3.307" classname="scripts._04_TGLocatorsTest"/>
  <system-out/>
  <testcase name="validateLanguages" time="3.283" classname="scripts._04_TGLocatorsTest"/>
  <system-out/>
</testsuite> <!-- scripts._04_TGLocatorsTest -->
