<?xml version="1.0" encoding="UTF-8"?>
<!-- Generated by org.testng.reporters.JUnitReportReporter -->
<testsuite skipped="0" hostname="LAPTOP-CF98PN2R" name="scripts._01_GoogleTest" tests="3" failures="0" timestamp="2023-06-10T12:21:52 MDT" time="33.809" errors="0">
  <testcase name="validateSearchButton" time="6.408" classname="scripts._01_GoogleTest"/>
  <system-out/>
  <testcase name="validateNavigation" time="20.611" classname="scripts._01_GoogleTest"/>
  <system-out/>
  <testcase name="validateTitleAndURL" time="6.790" classname="scripts._01_GoogleTest"/>
  <system-out/>
</testsuite> <!-- scripts._01_GoogleTest -->
