<?xml version="1.0" encoding="UTF-8"?>
<!-- Generated by org.testng.reporters.JUnitReportReporter -->
<testsuite skipped="0" hostname="LAPTOP-CF98PN2R" name="scripts._02_ProjectTest" tests="10" failures="0" timestamp="2023-06-10T12:21:52 MDT" time="65.722" errors="0">
  <testcase name="validateTheLoginForm" time="3.529" classname="scripts._02_ProjectTest"/>
  <system-out/>
  <testcase name="validateTheValidLogin" time="3.430" classname="scripts._02_ProjectTest"/>
  <system-out/>
  <testcase name="validateTheLogOut" time="3.430" classname="scripts._02_ProjectTest"/>
  <system-out/>
  <testcase name="validateTheForgotPasswordLinkAndResetPasswordModal" time="3.753" classname="scripts._02_ProjectTest"/>
  <system-out/>
  <testcase name="validateTheResetPasswordModalCloseButton" time="33.835" classname="scripts._02_ProjectTest"/>
  <system-out/>
  <testcase name="validateTheResetPasswordFormSubmission" time="3.556" classname="scripts._02_ProjectTest"/>
  <system-out/>
  <testcase name="validateTheInvalidLoginWithEmptyCredentials" time="3.203" classname="scripts._02_ProjectTest"/>
  <system-out/>
  <testcase name="validateTheInvalidLoginWithTheWrongUsername" time="3.619" classname="scripts._02_ProjectTest"/>
  <system-out/>
  <testcase name="validateTheInvalidLoginWithTheWrongPassword" time="3.906" classname="scripts._02_ProjectTest"/>
  <system-out/>
  <testcase name="validateTheInvalidLoginWithTheWrongUsernameAndPassword" time="3.461" classname="scripts._02_ProjectTest"/>
  <system-out/>
</testsuite> <!-- scripts._02_ProjectTest -->
