<?xml version="1.0" encoding="UTF-8"?>
<!-- Generated by org.testng.reporters.JUnitReportReporter -->
<testsuite skipped="0" hostname="LAPTOP-CF98PN2R" name="scripts._01_GoogleTest" tests="4" failures="0" timestamp="2023-06-04T13:10:43 MDT" time="41.970" errors="0">
  <testcase name="validateNavigation" time="18.913" classname="scripts._01_GoogleTest"/>
  <system-out/>
  <testcase name="validateSearchButton" time="7.838" classname="scripts._01_GoogleTest"/>
  <system-out/>
  <testcase name="validateTitleAndURL" time="7.937" classname="scripts._01_GoogleTest"/>
  <system-out/>
  <testcase name="validateSearchBar" time="7.282" classname="scripts._01_GoogleTest"/>
  <system-out/>
</testsuite> <!-- scripts._01_GoogleTest -->
