<?xml version="1.0" encoding="UTF-8"?>
<!-- Generated by org.testng.reporters.JUnitReportReporter -->
<testsuite skipped="0" hostname="LAPTOP-CF98PN2R" name="scripts._14_MultipleWindowsTest" tests="4" failures="0" timestamp="2023-06-12T17:06:39 MDT" time="39.203" errors="0">
  <testcase name="validateTheAppleNavigation" time="6.618" classname="scripts._14_MultipleWindowsTest"/>
  <system-out/>
  <testcase name="validateTheMicrosoftNavigation" time="5.833" classname="scripts._14_MultipleWindowsTest"/>
  <system-out/>
  <testcase name="validateTheTeslaNavigation" time="5.542" classname="scripts._14_MultipleWindowsTest"/>
  <system-out/>
  <testcase name="validateTheLinkURLs" time="21.210" classname="scripts._14_MultipleWindowsTest"/>
  <system-out/>
</testsuite> <!-- scripts._14_MultipleWindowsTest -->
