<?xml version="1.0" encoding="UTF-8"?>
<!-- Generated by org.testng.reporters.JUnitReportReporter -->
<testsuite skipped="0" hostname="LAPTOP-CF98PN2R" name="scripts._19_TGActionsTest" tests="4" failures="0" timestamp="2023-06-12T17:06:39 MDT" time="686.258" errors="0">
  <testcase name="keyboardActions" time="10.695" classname="scripts._19_TGActionsTest"/>
  <system-out/>
  <testcase name="DragAndDrop" time="660.707" classname="scripts._19_TGActionsTest"/>
  <system-out/>
  <testcase name="mouseActions" time="6.922" classname="scripts._19_TGActionsTest"/>
  <system-out/>
  <testcase name="validate" time="7.934" classname="scripts._19_TGActionsTest"/>
  <system-out/>
</testsuite> <!-- scripts._19_TGActionsTest -->
