<?xml version="1.0" encoding="UTF-8"?>
<!-- Generated by org.testng.reporters.JUnitReportReporter -->
<testsuite skipped="0" hostname="LAPTOP-CF98PN2R" name="scripts._14_MultipleWindowsTest" tests="4" failures="0" timestamp="2023-06-05T18:54:39 MDT" time="30.470" errors="0">
  <testcase name="validateTheAppleNavigation" time="4.006" classname="scripts._14_MultipleWindowsTest"/>
  <system-out/>
  <testcase name="validateTheMicrosoftNavigation" time="5.096" classname="scripts._14_MultipleWindowsTest"/>
  <system-out/>
  <testcase name="validateTheTeslaNavigation" time="5.103" classname="scripts._14_MultipleWindowsTest"/>
  <system-out/>
  <testcase name="validateTheLinkURLs" time="16.265" classname="scripts._14_MultipleWindowsTest"/>
  <system-out/>
</testsuite> <!-- scripts._14_MultipleWindowsTest -->
