<?xml version="1.0" encoding="UTF-8"?>
<!-- Generated by org.testng.reporters.JUnitReportReporter -->
<testsuite skipped="0" hostname="LAPTOP-CF98PN2R" name="scripts._17_TGStaticTableTest" tests="4" failures="0" timestamp="2023-06-05T18:54:39 MDT" time="16.985" errors="0">
  <testcase name="validateTableHeader" time="3.376" classname="scripts._17_TGStaticTableTest"/>
  <system-out/>
  <testcase name="validateEachCell" time="6.475" classname="scripts._17_TGStaticTableTest"/>
  <system-out/>
  <testcase name="validateLastColumn" time="3.531" classname="scripts._17_TGStaticTableTest"/>
  <system-out/>
  <testcase name="validateFirstRow" time="3.603" classname="scripts._17_TGStaticTableTest"/>
  <system-out/>
</testsuite> <!-- scripts._17_TGStaticTableTest -->
