<?xml version="1.0" encoding="UTF-8"?>
<!-- Generated by org.testng.reporters.JUnitReportReporter -->
<testsuite skipped="0" hostname="LAPTOP-CF98PN2R" name="scripts._10_TGRadioButtonsTest" tests="2" failures="0" timestamp="2023-06-12T17:06:39 MDT" time="9.403" errors="0">
  <testcase name="radioButtonsTest" time="4.500" classname="scripts._10_TGRadioButtonsTest"/>
  <system-out/>
  <testcase name="validatePracticeMore" time="4.903" classname="scripts._10_TGRadioButtonsTest"/>
  <system-out/>
</testsuite> <!-- scripts._10_TGRadioButtonsTest -->
