<?xml version="1.0" encoding="UTF-8"?>
<!-- Generated by org.testng.reporters.JUnitReportReporter -->
<testsuite skipped="0" hostname="LAPTOP-CF98PN2R" name="scripts._04_TGLocatorsTest" tests="4" failures="0" timestamp="2023-06-12T17:06:39 MDT" time="16.838" errors="0">
  <testcase name="validateListHeaders" time="4.162" classname="scripts._04_TGLocatorsTest"/>
  <system-out/>
  <testcase name="validateAutomationTools" time="3.907" classname="scripts._04_TGLocatorsTest"/>
  <system-out/>
  <testcase name="validateTheHeader" time="4.089" classname="scripts._04_TGLocatorsTest"/>
  <system-out/>
  <testcase name="validateLanguages" time="4.680" classname="scripts._04_TGLocatorsTest"/>
  <system-out/>
</testsuite> <!-- scripts._04_TGLocatorsTest -->
