<?xml version="1.0" encoding="UTF-8"?>
<!-- Generated by org.testng.reporters.JUnitReportReporter -->
<testsuite skipped="0" hostname="LAPTOP-CF98PN2R" name="scripts._18_TGSortableTableTest" tests="1" failures="0" timestamp="2023-06-05T18:54:39 MDT" time="5.549" errors="0">
  <testcase name="validateSortAscByQuantity" time="5.549" classname="scripts._18_TGSortableTableTest"/>
  <system-out/>
</testsuite> <!-- scripts._18_TGSortableTableTest -->
