<?xml version="1.0" encoding="UTF-8"?>
<!-- Generated by org.testng.reporters.JUnitReportReporter -->
<testsuite skipped="0" hostname="LAPTOP-CF98PN2R" name="scripts._14_MultipleWindowsTest" tests="4" failures="0" timestamp="2023-06-10T12:21:52 MDT" time="34.826" errors="0">
  <testcase name="validateTheAppleNavigation" time="5.245" classname="scripts._14_MultipleWindowsTest"/>
  <system-out/>
  <testcase name="validateTheMicrosoftNavigation" time="5.488" classname="scripts._14_MultipleWindowsTest"/>
  <system-out/>
  <testcase name="validateTheTeslaNavigation" time="6.585" classname="scripts._14_MultipleWindowsTest"/>
  <system-out/>
  <testcase name="validateTheLinkURLs" time="17.508" classname="scripts._14_MultipleWindowsTest"/>
  <system-out/>
</testsuite> <!-- scripts._14_MultipleWindowsTest -->
