<?xml version="1.0" encoding="UTF-8"?>
<!-- Generated by org.testng.reporters.JUnitReportReporter -->
<testsuite skipped="0" hostname="LAPTOP-CF98PN2R" name="scripts._17_TGStaticTableTest" tests="4" failures="0" timestamp="2023-06-12T17:06:39 MDT" time="18.172" errors="0">
  <testcase name="validateTableHeader" time="3.815" classname="scripts._17_TGStaticTableTest"/>
  <system-out/>
  <testcase name="validateEachCell" time="5.334" classname="scripts._17_TGStaticTableTest"/>
  <system-out/>
  <testcase name="validateLastColumn" time="5.037" classname="scripts._17_TGStaticTableTest"/>
  <system-out/>
  <testcase name="validateFirstRow" time="3.986" classname="scripts._17_TGStaticTableTest"/>
  <system-out/>
</testsuite> <!-- scripts._17_TGStaticTableTest -->
