<?xml version="1.0" encoding="UTF-8"?>
<!-- Generated by org.testng.reporters.JUnitReportReporter -->
<testsuite skipped="0" hostname="LAPTOP-CF98PN2R" name="scripts._07_TGDynamicElementsTest" tests="2" failures="0" timestamp="2023-06-05T18:54:39 MDT" time="6.634" errors="0">
  <testcase name="validateDynamicElementBox2" time="3.110" classname="scripts._07_TGDynamicElementsTest"/>
  <system-out/>
  <testcase name="validateDynamicElementBox1" time="3.524" classname="scripts._07_TGDynamicElementsTest"/>
  <system-out/>
</testsuite> <!-- scripts._07_TGDynamicElementsTest -->
