<?xml version="1.0" encoding="UTF-8"?>
<!-- Generated by org.testng.reporters.JUnitReportReporter -->
<testsuite skipped="0" hostname="LAPTOP-CF98PN2R" name="scripts._01_ProjectTest" tests="10" failures="1" timestamp="2023-06-10T12:21:52 MDT" time="77.253" errors="0">
  <testcase name="validateConsentCheckBox" time="4.900" classname="scripts._01_ProjectTest"/>
  <system-out/>
  <testcase name="validateAddress" time="4.759" classname="scripts._01_ProjectTest"/>
  <system-out/>
  <testcase name="validateContactUsInfo" time="3.361" classname="scripts._01_ProjectTest">
    <failure type="java.lang.AssertionError" message="expected [2860 S River Rd Suite 350, Des Plaines IL 60018] but found [2860 S River Rd Suite 480, Des Plaines, IL 60018]">
      <![CDATA[java.lang.AssertionError: expected [2860 S River Rd Suite 350, Des Plaines IL 60018] but found [2860 S River Rd Suite 480, Des Plaines, IL 60018]
at org.testng.Assert.fail(Assert.java:97)
at org.testng.Assert.assertEqualsImpl(Assert.java:136)
at org.testng.Assert.assertEquals(Assert.java:118)
at org.testng.Assert.assertEquals(Assert.java:575)
at org.testng.Assert.assertEquals(Assert.java:585)
at scripts._01_ProjectTest.validateContactUsInfo(_01_ProjectTest.java:37)
at sun.reflect.NativeMethodAccessorImpl.invoke0(Native Method)
at sun.reflect.NativeMethodAccessorImpl.invoke(NativeMethodAccessorImpl.java:62)
at sun.reflect.DelegatingMethodAccessorImpl.invoke(DelegatingMethodAccessorImpl.java:43)
at java.lang.reflect.Method.invoke(Method.java:498)
at org.testng.internal.MethodInvocationHelper.invokeMethod(MethodInvocationHelper.java:134)
at org.testng.internal.TestInvoker.invokeMethod(TestInvoker.java:597)
at org.testng.internal.TestInvoker.invokeTestMethod(TestInvoker.java:173)
at org.testng.internal.MethodRunner.runInSequence(MethodRunner.java:46)
at org.testng.internal.TestInvoker$MethodInvocationAgent.invoke(TestInvoker.java:816)
at org.testng.internal.TestInvoker.invokeTestMethods(TestInvoker.java:146)
at org.testng.internal.TestMethodWorker.invokeTestMethods(TestMethodWorker.java:146)
at org.testng.internal.TestMethodWorker.run(TestMethodWorker.java:128)
at java.util.ArrayList.forEach(ArrayList.java:1259)
at org.testng.TestRunner.privateRun(TestRunner.java:766)
at org.testng.TestRunner.run(TestRunner.java:587)
at org.testng.SuiteRunner.runTest(SuiteRunner.java:384)
at org.testng.SuiteRunner.runSequentially(SuiteRunner.java:378)
at org.testng.SuiteRunner.privateRun(SuiteRunner.java:337)
at org.testng.SuiteRunner.run(SuiteRunner.java:286)
at org.testng.SuiteRunnerWorker.runSuite(SuiteRunnerWorker.java:53)
at org.testng.SuiteRunnerWorker.run(SuiteRunnerWorker.java:96)
at org.testng.TestNG.runSuitesSequentially(TestNG.java:1187)
at org.testng.TestNG.runSuitesLocally(TestNG.java:1109)
at org.testng.TestNG.runSuites(TestNG.java:1039)
at org.testng.TestNG.run(TestNG.java:1007)
at org.apache.maven.surefire.testng.TestNGExecutor.run(TestNGExecutor.java:281)
at org.apache.maven.surefire.testng.TestNGXmlTestSuite.execute(TestNGXmlTestSuite.java:75)
at org.apache.maven.surefire.testng.TestNGProvider.invoke(TestNGProvider.java:121)
at org.apache.maven.surefire.booter.ForkedBooter.invokeProviderInSameClassLoader(ForkedBooter.java:290)
at org.apache.maven.surefire.booter.ForkedBooter.runSuitesInProcess(ForkedBooter.java:242)
at org.apache.maven.surefire.booter.ForkedBooter.main(ForkedBooter.java:121)
]]>
    </failure>
  </testcase> <!-- validateContactUsInfo -->
  <system-out/>
  <testcase name="validatesubmission" time="3.328" classname="scripts._01_ProjectTest"/>
  <system-out/>
  <testcase name="validateFullNameInputBox" time="3.225" classname="scripts._01_ProjectTest"/>
  <system-out/>
  <testcase name="validateMessage" time="3.731" classname="scripts._01_ProjectTest"/>
  <system-out/>
  <testcase name="validateGenderRadioButton" time="12.066" classname="scripts._01_ProjectTest"/>
  <system-out/>
  <testcase name="validateEmail" time="3.408" classname="scripts._01_ProjectTest"/>
  <system-out/>
  <testcase name="validatePhone" time="3.378" classname="scripts._01_ProjectTest"/>
  <system-out/>
  <testcase name="validateTheFormSubmission" time="35.097" classname="scripts._01_ProjectTest"/>
  <system-out/>
</testsuite> <!-- scripts._01_ProjectTest -->
