<?xml version="1.0" encoding="UTF-8"?>
<!-- Generated by org.testng.reporters.JUnitReportReporter -->
<testsuite skipped="0" hostname="LAPTOP-CF98PN2R" name="scripts._11_TGDropdownsTest" tests="4" failures="0" timestamp="2023-06-05T18:54:39 MDT" time="43.513" errors="0">
  <testcase name="productDropdownTest" time="3.453" classname="scripts._11_TGDropdownsTest"/>
  <system-out/>
  <testcase name="productDeliveryTest" time="33.257" classname="scripts._11_TGDropdownsTest"/>
  <system-out/>
  <testcase name="dropdownTestCase" time="3.551" classname="scripts._11_TGDropdownsTest"/>
  <system-out/>
  <testcase name="productColorTest" time="3.252" classname="scripts._11_TGDropdownsTest"/>
  <system-out/>
</testsuite> <!-- scripts._11_TGDropdownsTest -->
